<?xml version="1.0" encoding="UTF-8"?>
<testsuite xmlns:xsi="http://www.w3.org/2001/XMLSchema-instance" xsi:noNamespaceSchemaLocation="https://maven.apache.org/surefire/maven-surefire-plugin/xsd/surefire-test-report.xsd" name="room.CreateThousandBooking" time="17.948" tests="1" errors="0" skipped="0" failures="0">
  <properties>
    <property name="gopherProxySet" value="false"/>
    <property name="awt.toolkit" value="sun.lwawt.macosx.LWCToolkit"/>
    <property name="file.encoding.pkg" value="sun.io"/>
    <property name="java.specification.version" value="1.8"/>
    <property name="sun.cpu.isalist" value=""/>
    <property name="sun.jnu.encoding" value="UTF-8"/>
    <property name="java.class.path" value="/Users/samsul.kabir/Documents/Development/TestBash/TestBashAuto/auto/target/test-classes:/Users/samsul.kabir/Documents/Development/TestBash/TestBashAuto/auto/target/classes:/Users/samsul.kabir/.m2/repository/junit/junit/4.12/junit-4.12.jar:/Users/samsul.kabir/.m2/repository/org/hamcrest/hamcrest-core/1.3/hamcrest-core-1.3.jar:/Users/samsul.kabir/.m2/repository/info/cukes/cucumber-junit/1.2.5/cucumber-junit-1.2.5.jar:/Users/samsul.kabir/.m2/repository/info/cukes/cucumber-core/1.2.5/cucumber-core-1.2.5.jar:/Users/samsul.kabir/.m2/repository/info/cukes/cucumber-html/0.2.3/cucumber-html-0.2.3.jar:/Users/samsul.kabir/.m2/repository/info/cukes/cucumber-java/1.2.5/cucumber-java-1.2.5.jar:/Users/samsul.kabir/.m2/repository/info/cukes/cucumber-jvm-deps/1.0.5/cucumber-jvm-deps-1.0.5.jar:/Users/samsul.kabir/.m2/repository/info/cukes/gherkin/2.12.2/gherkin-2.12.2.jar:/Users/samsul.kabir/.m2/repository/org/hamcrest/hamcrest-all/1.3/hamcrest-all-1.3.jar:/Users/samsul.kabir/.m2/repository/info/cukes/cucumber-picocontainer/1.2.5/cucumber-picocontainer-1.2.5.jar:/Users/samsul.kabir/.m2/repository/org/picocontainer/picocontainer/2.15/picocontainer-2.15.jar:/Users/samsul.kabir/.m2/repository/info/cukes/cucumber-testng/1.2.5/cucumber-testng-1.2.5.jar:/Users/samsul.kabir/.m2/repository/org/testng/testng/6.9.10/testng-6.9.10.jar:/Users/samsul.kabir/.m2/repository/com/beust/jcommander/1.48/jcommander-1.48.jar:/Users/samsul.kabir/.m2/repository/org/beanshell/bsh/2.0b4/bsh-2.0b4.jar:/Users/samsul.kabir/.m2/repository/com/aventstack/extentreports/4.0.9/extentreports-4.0.9.jar:/Users/samsul.kabir/.m2/repository/org/mongodb/mongodb-driver/3.3.0/mongodb-driver-3.3.0.jar:/Users/samsul.kabir/.m2/repository/org/mongodb/mongodb-driver-core/3.3.0/mongodb-driver-core-3.3.0.jar:/Users/samsul.kabir/.m2/repository/org/mongodb/bson/3.3.0/bson-3.3.0.jar:/Users/samsul.kabir/.m2/repository/org/apache/httpcomponents/httpclient/4.5.2/httpclient-4.5.2.jar:/Users/samsul.kabir/.m2/repository/org/apache/httpcomponents/httpcore/4.4.4/httpcore-4.4.4.jar:/Users/samsul.kabir/.m2/repository/commons-logging/commons-logging/1.2/commons-logging-1.2.jar:/Users/samsul.kabir/.m2/repository/commons-codec/commons-codec/1.9/commons-codec-1.9.jar:/Users/samsul.kabir/.m2/repository/org/apache/httpcomponents/httpmime/4.5.2/httpmime-4.5.2.jar:/Users/samsul.kabir/.m2/repository/com/google/code/gson/gson/2.8.5/gson-2.8.5.jar:/Users/samsul.kabir/.m2/repository/org/freemarker/freemarker/2.3.26-incubating/freemarker-2.3.26-incubating.jar:/Users/samsul.kabir/.m2/repository/com/vimalselvam/cucumber-extentsreport/3.1.0/cucumber-extentsreport-3.1.0.jar:/Users/samsul.kabir/.m2/repository/org/slf4j/slf4j-simple/1.7.25/slf4j-simple-1.7.25.jar:/Users/samsul.kabir/.m2/repository/org/slf4j/slf4j-api/1.7.25/slf4j-api-1.7.25.jar:/Users/samsul.kabir/.m2/repository/org/projectlombok/lombok/1.16.20/lombok-1.16.20.jar:/Users/samsul.kabir/.m2/repository/org/json/json/20180813/json-20180813.jar:/Users/samsul.kabir/.m2/repository/io/rest-assured/rest-assured/3.1.0/rest-assured-3.1.0.jar:/Users/samsul.kabir/.m2/repository/org/codehaus/groovy/groovy/2.4.12/groovy-2.4.12.jar:/Users/samsul.kabir/.m2/repository/org/codehaus/groovy/groovy-xml/2.4.12/groovy-xml-2.4.12.jar:/Users/samsul.kabir/.m2/repository/org/hamcrest/hamcrest-library/1.3/hamcrest-library-1.3.jar:/Users/samsul.kabir/.m2/repository/org/ccil/cowan/tagsoup/tagsoup/1.2.1/tagsoup-1.2.1.jar:/Users/samsul.kabir/.m2/repository/io/rest-assured/json-path/3.1.0/json-path-3.1.0.jar:/Users/samsul.kabir/.m2/repository/org/codehaus/groovy/groovy-json/2.4.12/groovy-json-2.4.12.jar:/Users/samsul.kabir/.m2/repository/io/rest-assured/rest-assured-common/3.1.0/rest-assured-common-3.1.0.jar:/Users/samsul.kabir/.m2/repository/io/rest-assured/xml-path/3.1.0/xml-path-3.1.0.jar:/Users/samsul.kabir/.m2/repository/org/apache/commons/commons-lang3/3.4/commons-lang3-3.4.jar:/Users/samsul.kabir/.m2/repository/javax/xml/bind/jaxb-api/2.2.12/jaxb-api-2.2.12.jar:/Users/samsul.kabir/.m2/repository/com/applitools/eyes-selenium-java3/3.157.9/eyes-selenium-java3-3.157.9.jar:/Users/samsul.kabir/.m2/repository/com/applitools/eyes-common-java3/3.157.9/eyes-common-java3-3.157.9.jar:/Users/samsul.kabir/.m2/repository/org/imgscalr/imgscalr-lib/4.2/imgscalr-lib-4.2.jar:/Users/samsul.kabir/.m2/repository/commons-io/commons-io/2.6/commons-io-2.6.jar:/Users/samsul.kabir/.m2/repository/org/brotli/dec/0.1.1/dec-0.1.1.jar:/Users/samsul.kabir/.m2/repository/com/fasterxml/jackson/core/jackson-databind/2.5.1/jackson-databind-2.5.1.jar:/Users/samsul.kabir/.m2/repository/com/fasterxml/jackson/core/jackson-annotations/2.5.0/jackson-annotations-2.5.0.jar:/Users/samsul.kabir/.m2/repository/com/fasterxml/jackson/core/jackson-core/2.5.1/jackson-core-2.5.1.jar:/Users/samsul.kabir/.m2/repository/org/jsoup/jsoup/1.8.3/jsoup-1.8.3.jar:/Users/samsul.kabir/.m2/repository/com/applitools/eyes-sdk-core-java3/3.157.9/eyes-sdk-core-java3-3.157.9.jar:/Users/samsul.kabir/.m2/repository/com/applitools/eyes-connectivity-java3-jersey2x/3.157.9/eyes-connectivity-java3-jersey2x-3.157.9.jar:/Users/samsul.kabir/.m2/repository/org/glassfish/jersey/connectors/jersey-apache-connector/2.29/jersey-apache-connector-2.29.jar:/Users/samsul.kabir/.m2/repository/org/glassfish/jersey/core/jersey-common/2.29/jersey-common-2.29.jar:/Users/samsul.kabir/.m2/repository/jakarta/annotation/jakarta.annotation-api/1.3.4/jakarta.annotation-api-1.3.4.jar:/Users/samsul.kabir/.m2/repository/org/glassfish/hk2/osgi-resource-locator/1.0.3/osgi-resource-locator-1.0.3.jar:/Users/samsul.kabir/.m2/repository/jakarta/ws/rs/jakarta.ws.rs-api/2.1.5/jakarta.ws.rs-api-2.1.5.jar:/Users/samsul.kabir/.m2/repository/org/glassfish/jersey/core/jersey-client/2.29/jersey-client-2.29.jar:/Users/samsul.kabir/.m2/repository/org/glassfish/hk2/external/jakarta.inject/2.5.0/jakarta.inject-2.5.0.jar:/Users/samsul.kabir/.m2/repository/org/glassfish/jersey/inject/jersey-hk2/2.29/jersey-hk2-2.29.jar:/Users/samsul.kabir/.m2/repository/org/glassfish/hk2/hk2-locator/2.5.0/hk2-locator-2.5.0.jar:/Users/samsul.kabir/.m2/repository/org/glassfish/hk2/external/aopalliance-repackaged/2.5.0/aopalliance-repackaged-2.5.0.jar:/Users/samsul.kabir/.m2/repository/org/glassfish/hk2/hk2-api/2.5.0/hk2-api-2.5.0.jar:/Users/samsul.kabir/.m2/repository/org/glassfish/hk2/hk2-utils/2.5.0/hk2-utils-2.5.0.jar:/Users/samsul.kabir/.m2/repository/org/javassist/javassist/3.22.0-CR2/javassist-3.22.0-CR2.jar:/Users/samsul.kabir/.m2/repository/org/seleniumhq/selenium/selenium-java/3.141.59/selenium-java-3.141.59.jar:/Users/samsul.kabir/.m2/repository/org/seleniumhq/selenium/selenium-api/3.141.59/selenium-api-3.141.59.jar:/Users/samsul.kabir/.m2/repository/org/seleniumhq/selenium/selenium-chrome-driver/3.141.59/selenium-chrome-driver-3.141.59.jar:/Users/samsul.kabir/.m2/repository/org/seleniumhq/selenium/selenium-edge-driver/3.141.59/selenium-edge-driver-3.141.59.jar:/Users/samsul.kabir/.m2/repository/org/seleniumhq/selenium/selenium-firefox-driver/3.141.59/selenium-firefox-driver-3.141.59.jar:/Users/samsul.kabir/.m2/repository/org/seleniumhq/selenium/selenium-ie-driver/3.141.59/selenium-ie-driver-3.141.59.jar:/Users/samsul.kabir/.m2/repository/org/seleniumhq/selenium/selenium-opera-driver/3.141.59/selenium-opera-driver-3.141.59.jar:/Users/samsul.kabir/.m2/repository/org/seleniumhq/selenium/selenium-remote-driver/3.141.59/selenium-remote-driver-3.141.59.jar:/Users/samsul.kabir/.m2/repository/org/seleniumhq/selenium/selenium-safari-driver/3.141.59/selenium-safari-driver-3.141.59.jar:/Users/samsul.kabir/.m2/repository/org/seleniumhq/selenium/selenium-support/3.141.59/selenium-support-3.141.59.jar:/Users/samsul.kabir/.m2/repository/net/bytebuddy/byte-buddy/1.8.15/byte-buddy-1.8.15.jar:/Users/samsul.kabir/.m2/repository/org/apache/commons/commons-exec/1.3/commons-exec-1.3.jar:/Users/samsul.kabir/.m2/repository/com/google/guava/guava/25.0-jre/guava-25.0-jre.jar:/Users/samsul.kabir/.m2/repository/com/google/code/findbugs/jsr305/1.3.9/jsr305-1.3.9.jar:/Users/samsul.kabir/.m2/repository/org/checkerframework/checker-compat-qual/2.0.0/checker-compat-qual-2.0.0.jar:/Users/samsul.kabir/.m2/repository/com/google/errorprone/error_prone_annotations/2.1.3/error_prone_annotations-2.1.3.jar:/Users/samsul.kabir/.m2/repository/com/google/j2objc/j2objc-annotations/1.1/j2objc-annotations-1.1.jar:/Users/samsul.kabir/.m2/repository/org/codehaus/mojo/animal-sniffer-annotations/1.14/animal-sniffer-annotations-1.14.jar:/Users/samsul.kabir/.m2/repository/com/squareup/okhttp3/okhttp/3.11.0/okhttp-3.11.0.jar:/Users/samsul.kabir/.m2/repository/com/squareup/okio/okio/1.14.0/okio-1.14.0.jar:/Users/samsul.kabir/.m2/repository/io/appium/java-client/7.0.0/java-client-7.0.0.jar:/Users/samsul.kabir/.m2/repository/cglib/cglib/3.2.8/cglib-3.2.8.jar:/Users/samsul.kabir/.m2/repository/org/ow2/asm/asm/6.2.1/asm-6.2.1.jar:/Users/samsul.kabir/.m2/repository/org/apache/ant/ant/1.10.3/ant-1.10.3.jar:/Users/samsul.kabir/.m2/repository/org/apache/ant/ant-launcher/1.10.3/ant-launcher-1.10.3.jar:/Users/samsul.kabir/.m2/repository/commons-validator/commons-validator/1.6/commons-validator-1.6.jar:/Users/samsul.kabir/.m2/repository/commons-beanutils/commons-beanutils/1.9.2/commons-beanutils-1.9.2.jar:/Users/samsul.kabir/.m2/repository/commons-digester/commons-digester/1.8.1/commons-digester-1.8.1.jar:/Users/samsul.kabir/.m2/repository/commons-collections/commons-collections/3.2.2/commons-collections-3.2.2.jar:/Users/samsul.kabir/.m2/repository/org/springframework/spring-context/5.1.0.RELEASE/spring-context-5.1.0.RELEASE.jar:/Users/samsul.kabir/.m2/repository/org/springframework/spring-aop/5.1.0.RELEASE/spring-aop-5.1.0.RELEASE.jar:/Users/samsul.kabir/.m2/repository/org/springframework/spring-beans/5.1.0.RELEASE/spring-beans-5.1.0.RELEASE.jar:/Users/samsul.kabir/.m2/repository/org/springframework/spring-core/5.1.0.RELEASE/spring-core-5.1.0.RELEASE.jar:/Users/samsul.kabir/.m2/repository/org/springframework/spring-jcl/5.1.0.RELEASE/spring-jcl-5.1.0.RELEASE.jar:/Users/samsul.kabir/.m2/repository/org/springframework/spring-expression/5.1.0.RELEASE/spring-expression-5.1.0.RELEASE.jar:/Users/samsul.kabir/.m2/repository/org/aspectj/aspectjweaver/1.9.1/aspectjweaver-1.9.1.jar:/Users/samsul.kabir/.m2/repository/com/helger/ph-css/6.1.1/ph-css-6.1.1.jar:/Users/samsul.kabir/.m2/repository/com/helger/ph-commons/9.0.2/ph-commons-9.0.2.jar:/Users/samsul.kabir/.m2/repository/javax/activation/activation/1.1.1/activation-1.1.1.jar:/Users/samsul.kabir/.m2/repository/org/apache/maven/surefire/surefire-testng-utils/2.20.1/surefire-testng-utils-2.20.1.jar:/Users/samsul.kabir/.m2/repository/org/apache/maven/surefire/surefire-grouper/2.20.1/surefire-grouper-2.20.1.jar:"/>
    <property name="java.vm.vendor" value="Oracle Corporation"/>
    <property name="sun.arch.data.model" value="64"/>
    <property name="java.vendor.url" value="http://java.oracle.com/"/>
    <property name="user.timezone" value=""/>
    <property name="java.vm.specification.version" value="1.8"/>
    <property name="os.name" value="Mac OS X"/>
    <property name="user.country" value="DE"/>
    <property name="sun.java.launcher" value="SUN_STANDARD"/>
    <property name="sun.boot.library.path" value="/Library/Java/JavaVirtualMachines/jdk1.8.0_202.jdk/Contents/Home/jre/lib"/>
    <property name="sun.java.command" value="/Users/samsul.kabir/Documents/Development/TestBash/TestBashAuto/auto/target/surefire/surefirebooter2427367226434414531.jar /Users/samsul.kabir/Documents/Development/TestBash/TestBashAuto/auto/target/surefire 2019-09-11T14-37-11_564-jvmRun1 surefire6032860132819846898tmp surefire_06208970284916827855tmp"/>
    <property name="http.nonProxyHosts" value="local|*.local|169.254/16|*.169.254/16"/>
    <property name="surefire.test.class.path" value="/Users/samsul.kabir/Documents/Development/TestBash/TestBashAuto/auto/target/test-classes:/Users/samsul.kabir/Documents/Development/TestBash/TestBashAuto/auto/target/classes:/Users/samsul.kabir/.m2/repository/junit/junit/4.12/junit-4.12.jar:/Users/samsul.kabir/.m2/repository/org/hamcrest/hamcrest-core/1.3/hamcrest-core-1.3.jar:/Users/samsul.kabir/.m2/repository/info/cukes/cucumber-junit/1.2.5/cucumber-junit-1.2.5.jar:/Users/samsul.kabir/.m2/repository/info/cukes/cucumber-core/1.2.5/cucumber-core-1.2.5.jar:/Users/samsul.kabir/.m2/repository/info/cukes/cucumber-html/0.2.3/cucumber-html-0.2.3.jar:/Users/samsul.kabir/.m2/repository/info/cukes/cucumber-java/1.2.5/cucumber-java-1.2.5.jar:/Users/samsul.kabir/.m2/repository/info/cukes/cucumber-jvm-deps/1.0.5/cucumber-jvm-deps-1.0.5.jar:/Users/samsul.kabir/.m2/repository/info/cukes/gherkin/2.12.2/gherkin-2.12.2.jar:/Users/samsul.kabir/.m2/repository/org/hamcrest/hamcrest-all/1.3/hamcrest-all-1.3.jar:/Users/samsul.kabir/.m2/repository/info/cukes/cucumber-picocontainer/1.2.5/cucumber-picocontainer-1.2.5.jar:/Users/samsul.kabir/.m2/repository/org/picocontainer/picocontainer/2.15/picocontainer-2.15.jar:/Users/samsul.kabir/.m2/repository/info/cukes/cucumber-testng/1.2.5/cucumber-testng-1.2.5.jar:/Users/samsul.kabir/.m2/repository/org/testng/testng/6.9.10/testng-6.9.10.jar:/Users/samsul.kabir/.m2/repository/com/beust/jcommander/1.48/jcommander-1.48.jar:/Users/samsul.kabir/.m2/repository/org/beanshell/bsh/2.0b4/bsh-2.0b4.jar:/Users/samsul.kabir/.m2/repository/com/aventstack/extentreports/4.0.9/extentreports-4.0.9.jar:/Users/samsul.kabir/.m2/repository/org/mongodb/mongodb-driver/3.3.0/mongodb-driver-3.3.0.jar:/Users/samsul.kabir/.m2/repository/org/mongodb/mongodb-driver-core/3.3.0/mongodb-driver-core-3.3.0.jar:/Users/samsul.kabir/.m2/repository/org/mongodb/bson/3.3.0/bson-3.3.0.jar:/Users/samsul.kabir/.m2/repository/org/apache/httpcomponents/httpclient/4.5.2/httpclient-4.5.2.jar:/Users/samsul.kabir/.m2/repository/org/apache/httpcomponents/httpcore/4.4.4/httpcore-4.4.4.jar:/Users/samsul.kabir/.m2/repository/commons-logging/commons-logging/1.2/commons-logging-1.2.jar:/Users/samsul.kabir/.m2/repository/commons-codec/commons-codec/1.9/commons-codec-1.9.jar:/Users/samsul.kabir/.m2/repository/org/apache/httpcomponents/httpmime/4.5.2/httpmime-4.5.2.jar:/Users/samsul.kabir/.m2/repository/com/google/code/gson/gson/2.8.5/gson-2.8.5.jar:/Users/samsul.kabir/.m2/repository/org/freemarker/freemarker/2.3.26-incubating/freemarker-2.3.26-incubating.jar:/Users/samsul.kabir/.m2/repository/com/vimalselvam/cucumber-extentsreport/3.1.0/cucumber-extentsreport-3.1.0.jar:/Users/samsul.kabir/.m2/repository/org/slf4j/slf4j-simple/1.7.25/slf4j-simple-1.7.25.jar:/Users/samsul.kabir/.m2/repository/org/slf4j/slf4j-api/1.7.25/slf4j-api-1.7.25.jar:/Users/samsul.kabir/.m2/repository/org/projectlombok/lombok/1.16.20/lombok-1.16.20.jar:/Users/samsul.kabir/.m2/repository/org/json/json/20180813/json-20180813.jar:/Users/samsul.kabir/.m2/repository/io/rest-assured/rest-assured/3.1.0/rest-assured-3.1.0.jar:/Users/samsul.kabir/.m2/repository/org/codehaus/groovy/groovy/2.4.12/groovy-2.4.12.jar:/Users/samsul.kabir/.m2/repository/org/codehaus/groovy/groovy-xml/2.4.12/groovy-xml-2.4.12.jar:/Users/samsul.kabir/.m2/repository/org/hamcrest/hamcrest-library/1.3/hamcrest-library-1.3.jar:/Users/samsul.kabir/.m2/repository/org/ccil/cowan/tagsoup/tagsoup/1.2.1/tagsoup-1.2.1.jar:/Users/samsul.kabir/.m2/repository/io/rest-assured/json-path/3.1.0/json-path-3.1.0.jar:/Users/samsul.kabir/.m2/repository/org/codehaus/groovy/groovy-json/2.4.12/groovy-json-2.4.12.jar:/Users/samsul.kabir/.m2/repository/io/rest-assured/rest-assured-common/3.1.0/rest-assured-common-3.1.0.jar:/Users/samsul.kabir/.m2/repository/io/rest-assured/xml-path/3.1.0/xml-path-3.1.0.jar:/Users/samsul.kabir/.m2/repository/org/apache/commons/commons-lang3/3.4/commons-lang3-3.4.jar:/Users/samsul.kabir/.m2/repository/javax/xml/bind/jaxb-api/2.2.12/jaxb-api-2.2.12.jar:/Users/samsul.kabir/.m2/repository/com/applitools/eyes-selenium-java3/3.157.9/eyes-selenium-java3-3.157.9.jar:/Users/samsul.kabir/.m2/repository/com/applitools/eyes-common-java3/3.157.9/eyes-common-java3-3.157.9.jar:/Users/samsul.kabir/.m2/repository/org/imgscalr/imgscalr-lib/4.2/imgscalr-lib-4.2.jar:/Users/samsul.kabir/.m2/repository/commons-io/commons-io/2.6/commons-io-2.6.jar:/Users/samsul.kabir/.m2/repository/org/brotli/dec/0.1.1/dec-0.1.1.jar:/Users/samsul.kabir/.m2/repository/com/fasterxml/jackson/core/jackson-databind/2.5.1/jackson-databind-2.5.1.jar:/Users/samsul.kabir/.m2/repository/com/fasterxml/jackson/core/jackson-annotations/2.5.0/jackson-annotations-2.5.0.jar:/Users/samsul.kabir/.m2/repository/com/fasterxml/jackson/core/jackson-core/2.5.1/jackson-core-2.5.1.jar:/Users/samsul.kabir/.m2/repository/org/jsoup/jsoup/1.8.3/jsoup-1.8.3.jar:/Users/samsul.kabir/.m2/repository/com/applitools/eyes-sdk-core-java3/3.157.9/eyes-sdk-core-java3-3.157.9.jar:/Users/samsul.kabir/.m2/repository/com/applitools/eyes-connectivity-java3-jersey2x/3.157.9/eyes-connectivity-java3-jersey2x-3.157.9.jar:/Users/samsul.kabir/.m2/repository/org/glassfish/jersey/connectors/jersey-apache-connector/2.29/jersey-apache-connector-2.29.jar:/Users/samsul.kabir/.m2/repository/org/glassfish/jersey/core/jersey-common/2.29/jersey-common-2.29.jar:/Users/samsul.kabir/.m2/repository/jakarta/annotation/jakarta.annotation-api/1.3.4/jakarta.annotation-api-1.3.4.jar:/Users/samsul.kabir/.m2/repository/org/glassfish/hk2/osgi-resource-locator/1.0.3/osgi-resource-locator-1.0.3.jar:/Users/samsul.kabir/.m2/repository/jakarta/ws/rs/jakarta.ws.rs-api/2.1.5/jakarta.ws.rs-api-2.1.5.jar:/Users/samsul.kabir/.m2/repository/org/glassfish/jersey/core/jersey-client/2.29/jersey-client-2.29.jar:/Users/samsul.kabir/.m2/repository/org/glassfish/hk2/external/jakarta.inject/2.5.0/jakarta.inject-2.5.0.jar:/Users/samsul.kabir/.m2/repository/org/glassfish/jersey/inject/jersey-hk2/2.29/jersey-hk2-2.29.jar:/Users/samsul.kabir/.m2/repository/org/glassfish/hk2/hk2-locator/2.5.0/hk2-locator-2.5.0.jar:/Users/samsul.kabir/.m2/repository/org/glassfish/hk2/external/aopalliance-repackaged/2.5.0/aopalliance-repackaged-2.5.0.jar:/Users/samsul.kabir/.m2/repository/org/glassfish/hk2/hk2-api/2.5.0/hk2-api-2.5.0.jar:/Users/samsul.kabir/.m2/repository/org/glassfish/hk2/hk2-utils/2.5.0/hk2-utils-2.5.0.jar:/Users/samsul.kabir/.m2/repository/org/javassist/javassist/3.22.0-CR2/javassist-3.22.0-CR2.jar:/Users/samsul.kabir/.m2/repository/org/seleniumhq/selenium/selenium-java/3.141.59/selenium-java-3.141.59.jar:/Users/samsul.kabir/.m2/repository/org/seleniumhq/selenium/selenium-api/3.141.59/selenium-api-3.141.59.jar:/Users/samsul.kabir/.m2/repository/org/seleniumhq/selenium/selenium-chrome-driver/3.141.59/selenium-chrome-driver-3.141.59.jar:/Users/samsul.kabir/.m2/repository/org/seleniumhq/selenium/selenium-edge-driver/3.141.59/selenium-edge-driver-3.141.59.jar:/Users/samsul.kabir/.m2/repository/org/seleniumhq/selenium/selenium-firefox-driver/3.141.59/selenium-firefox-driver-3.141.59.jar:/Users/samsul.kabir/.m2/repository/org/seleniumhq/selenium/selenium-ie-driver/3.141.59/selenium-ie-driver-3.141.59.jar:/Users/samsul.kabir/.m2/repository/org/seleniumhq/selenium/selenium-opera-driver/3.141.59/selenium-opera-driver-3.141.59.jar:/Users/samsul.kabir/.m2/repository/org/seleniumhq/selenium/selenium-remote-driver/3.141.59/selenium-remote-driver-3.141.59.jar:/Users/samsul.kabir/.m2/repository/org/seleniumhq/selenium/selenium-safari-driver/3.141.59/selenium-safari-driver-3.141.59.jar:/Users/samsul.kabir/.m2/repository/org/seleniumhq/selenium/selenium-support/3.141.59/selenium-support-3.141.59.jar:/Users/samsul.kabir/.m2/repository/net/bytebuddy/byte-buddy/1.8.15/byte-buddy-1.8.15.jar:/Users/samsul.kabir/.m2/repository/org/apache/commons/commons-exec/1.3/commons-exec-1.3.jar:/Users/samsul.kabir/.m2/repository/com/google/guava/guava/25.0-jre/guava-25.0-jre.jar:/Users/samsul.kabir/.m2/repository/com/google/code/findbugs/jsr305/1.3.9/jsr305-1.3.9.jar:/Users/samsul.kabir/.m2/repository/org/checkerframework/checker-compat-qual/2.0.0/checker-compat-qual-2.0.0.jar:/Users/samsul.kabir/.m2/repository/com/google/errorprone/error_prone_annotations/2.1.3/error_prone_annotations-2.1.3.jar:/Users/samsul.kabir/.m2/repository/com/google/j2objc/j2objc-annotations/1.1/j2objc-annotations-1.1.jar:/Users/samsul.kabir/.m2/repository/org/codehaus/mojo/animal-sniffer-annotations/1.14/animal-sniffer-annotations-1.14.jar:/Users/samsul.kabir/.m2/repository/com/squareup/okhttp3/okhttp/3.11.0/okhttp-3.11.0.jar:/Users/samsul.kabir/.m2/repository/com/squareup/okio/okio/1.14.0/okio-1.14.0.jar:/Users/samsul.kabir/.m2/repository/io/appium/java-client/7.0.0/java-client-7.0.0.jar:/Users/samsul.kabir/.m2/repository/cglib/cglib/3.2.8/cglib-3.2.8.jar:/Users/samsul.kabir/.m2/repository/org/ow2/asm/asm/6.2.1/asm-6.2.1.jar:/Users/samsul.kabir/.m2/repository/org/apache/ant/ant/1.10.3/ant-1.10.3.jar:/Users/samsul.kabir/.m2/repository/org/apache/ant/ant-launcher/1.10.3/ant-launcher-1.10.3.jar:/Users/samsul.kabir/.m2/repository/commons-validator/commons-validator/1.6/commons-validator-1.6.jar:/Users/samsul.kabir/.m2/repository/commons-beanutils/commons-beanutils/1.9.2/commons-beanutils-1.9.2.jar:/Users/samsul.kabir/.m2/repository/commons-digester/commons-digester/1.8.1/commons-digester-1.8.1.jar:/Users/samsul.kabir/.m2/repository/commons-collections/commons-collections/3.2.2/commons-collections-3.2.2.jar:/Users/samsul.kabir/.m2/repository/org/springframework/spring-context/5.1.0.RELEASE/spring-context-5.1.0.RELEASE.jar:/Users/samsul.kabir/.m2/repository/org/springframework/spring-aop/5.1.0.RELEASE/spring-aop-5.1.0.RELEASE.jar:/Users/samsul.kabir/.m2/repository/org/springframework/spring-beans/5.1.0.RELEASE/spring-beans-5.1.0.RELEASE.jar:/Users/samsul.kabir/.m2/repository/org/springframework/spring-core/5.1.0.RELEASE/spring-core-5.1.0.RELEASE.jar:/Users/samsul.kabir/.m2/repository/org/springframework/spring-jcl/5.1.0.RELEASE/spring-jcl-5.1.0.RELEASE.jar:/Users/samsul.kabir/.m2/repository/org/springframework/spring-expression/5.1.0.RELEASE/spring-expression-5.1.0.RELEASE.jar:/Users/samsul.kabir/.m2/repository/org/aspectj/aspectjweaver/1.9.1/aspectjweaver-1.9.1.jar:/Users/samsul.kabir/.m2/repository/com/helger/ph-css/6.1.1/ph-css-6.1.1.jar:/Users/samsul.kabir/.m2/repository/com/helger/ph-commons/9.0.2/ph-commons-9.0.2.jar:/Users/samsul.kabir/.m2/repository/javax/activation/activation/1.1.1/activation-1.1.1.jar:/Users/samsul.kabir/.m2/repository/org/apache/maven/surefire/surefire-testng-utils/2.20.1/surefire-testng-utils-2.20.1.jar:/Users/samsul.kabir/.m2/repository/org/apache/maven/surefire/surefire-grouper/2.20.1/surefire-grouper-2.20.1.jar:"/>
    <property name="sun.cpu.endian" value="little"/>
    <property name="user.home" value="/Users/samsul.kabir"/>
    <property name="user.language" value="en"/>
    <property name="java.specification.vendor" value="Oracle Corporation"/>
    <property name="java.home" value="/Library/Java/JavaVirtualMachines/jdk1.8.0_202.jdk/Contents/Home/jre"/>
    <property name="basedir" value="/Users/samsul.kabir/Documents/Development/TestBash/TestBashAuto/auto"/>
    <property name="file.separator" value="/"/>
    <property name="line.separator" value="&#10;"/>
    <property name="java.vm.specification.vendor" value="Oracle Corporation"/>
    <property name="java.specification.name" value="Java Platform API Specification"/>
    <property name="java.awt.graphicsenv" value="sun.awt.CGraphicsEnvironment"/>
    <property name="surefire.real.class.path" value="/Users/samsul.kabir/Documents/Development/TestBash/TestBashAuto/auto/target/surefire/surefirebooter2427367226434414531.jar"/>
    <property name="sun.boot.class.path" value="/Library/Java/JavaVirtualMachines/jdk1.8.0_202.jdk/Contents/Home/jre/lib/resources.jar:/Library/Java/JavaVirtualMachines/jdk1.8.0_202.jdk/Contents/Home/jre/lib/rt.jar:/Library/Java/JavaVirtualMachines/jdk1.8.0_202.jdk/Contents/Home/jre/lib/sunrsasign.jar:/Library/Java/JavaVirtualMachines/jdk1.8.0_202.jdk/Contents/Home/jre/lib/jsse.jar:/Library/Java/JavaVirtualMachines/jdk1.8.0_202.jdk/Contents/Home/jre/lib/jce.jar:/Library/Java/JavaVirtualMachines/jdk1.8.0_202.jdk/Contents/Home/jre/lib/charsets.jar:/Library/Java/JavaVirtualMachines/jdk1.8.0_202.jdk/Contents/Home/jre/lib/jfr.jar:/Library/Java/JavaVirtualMachines/jdk1.8.0_202.jdk/Contents/Home/jre/classes"/>
    <property name="sun.management.compiler" value="HotSpot 64-Bit Tiered Compilers"/>
    <property name="ftp.nonProxyHosts" value="local|*.local|169.254/16|*.169.254/16"/>
    <property name="java.runtime.version" value="1.8.0_202-b08"/>
    <property name="user.name" value="samsul.kabir"/>
    <property name="path.separator" value=":"/>
    <property name="os.version" value="10.13.6"/>
    <property name="java.endorsed.dirs" value="/Library/Java/JavaVirtualMachines/jdk1.8.0_202.jdk/Contents/Home/jre/lib/endorsed"/>
    <property name="java.runtime.name" value="Java(TM) SE Runtime Environment"/>
    <property name="file.encoding" value="UTF-8"/>
    <property name="java.vm.name" value="Java HotSpot(TM) 64-Bit Server VM"/>
    <property name="localRepository" value="/Users/samsul.kabir/.m2/repository"/>
    <property name="java.vendor.url.bug" value="http://bugreport.sun.com/bugreport/"/>
    <property name="java.io.tmpdir" value="/var/folders/hh/vlxjmypj5m17_0kjzstg8yxm0000gp/T/"/>
    <property name="java.version" value="1.8.0_202"/>
    <property name="user.dir" value="/Users/samsul.kabir/Documents/Development/TestBash/TestBashAuto/auto"/>
    <property name="os.arch" value="x86_64"/>
    <property name="java.vm.specification.name" value="Java Virtual Machine Specification"/>
    <property name="java.awt.printerjob" value="sun.lwawt.macosx.CPrinterJob"/>
    <property name="sun.os.patch.level" value="unknown"/>
    <property name="java.library.path" value="/Users/samsul.kabir/Library/Java/Extensions:/Library/Java/Extensions:/Network/Library/Java/Extensions:/System/Library/Java/Extensions:/usr/lib/java:."/>
    <property name="java.vm.info" value="mixed mode"/>
    <property name="java.vendor" value="Oracle Corporation"/>
    <property name="java.vm.version" value="25.202-b08"/>
    <property name="java.ext.dirs" value="/Users/samsul.kabir/Library/Java/Extensions:/Library/Java/JavaVirtualMachines/jdk1.8.0_202.jdk/Contents/Home/jre/lib/ext:/Library/Java/Extensions:/Network/Library/Java/Extensions:/System/Library/Java/Extensions:/usr/lib/java"/>
    <property name="sun.io.unicode.encoding" value="UnicodeBig"/>
    <property name="java.class.version" value="52.0"/>
    <property name="socksNonProxyHosts" value="local|*.local|169.254/16|*.169.254/16"/>
  </properties>
  <testcase name="createThousand" classname="room.CreateThousandBooking" time="17.583"/>
</testsuite>