<?xml version="1.0" encoding="UTF-8"?>
<!-- Generated by org.testng.reporters.JUnitReportReporter -->
<testsuite hostname="MacBook-Pro-3.local" name="room.CreateThousandBooking" tests="1" failures="0" timestamp="11 Sep 2019 12:37:30 GMT" time="17.581" errors="0">
  <testcase name="createThousand" time="17.581" classname="room.CreateThousandBooking"/>
</testsuite> <!-- room.CreateThousandBooking -->
