<?xml version="1.0" encoding="UTF-8"?>
<!-- Generated by org.testng.reporters.JUnitReportReporter -->
<testsuite hostname="MacBook-Pro-3.local" name="com.testbash.auto.runner.MainRunner" tests="1" failures="0" timestamp="10 Sep 2019 13:42:38 GMT" time="12.460" errors="0">
  <testcase name="feature" time="12.460" classname="com.testbash.auto.runner.MainRunner"/>
</testsuite> <!-- com.testbash.auto.runner.MainRunner -->
